<?xml version="1.0" encoding="UTF-8"?>
<!-- Generated by org.testng.reporters.JUnitXMLReporter -->
<testsuite ignored="0" hostname="LAPTOP-2QI6E7DQ" failures="0" tests="2" name="ErrorValidation  Test" time="8.269" errors="0" timestamp="2024-05-01T11:41:19 IST">
  <testcase classname="sanjuhosmane.Tests.ErrorValidationsTest" name="ProductErrorValidation" time="2.306"/>
  <testcase classname="sanjuhosmane.Tests.ErrorValidationsTest" name="loginErrorValidation" time="0.543"/>
</testsuite> <!-- ErrorValidation  Test -->
