<?xml version="1.0" encoding="UTF-8"?>
<!-- Generated by org.testng.reporters.JUnitXMLReporter -->
<testsuite ignored="0" hostname="LAPTOP-2QI6E7DQ" failures="0" tests="3" name="SubmitOrder Test" time="13.577" errors="0" timestamp="2024-05-01T11:41:11 IST">
  <testcase classname="sanjuhosmane.Tests.SubmitOrderTest" name="submitOrder" time="3.217"/>
  <testcase classname="sanjuhosmane.Tests.SubmitOrderTest" name="submitOrder" time="3.077"/>
  <testcase classname="sanjuhosmane.Tests.SubmitOrderTest" name="orderHistoryTest" time="0.792"/>
</testsuite> <!-- SubmitOrder Test -->
