<?xml version="1.0" encoding="UTF-8"?>
<!-- Generated by org.testng.reporters.JUnitXMLReporter -->
<testsuite ignored="0" hostname="LAPTOP-2QI6E7DQ" failures="0" tests="2" name="ErrorValidation  Test" time="11.168" errors="0" timestamp="2024-05-01T11:56:35 IST">
  <testcase classname="sanjuhosmane.Tests.ErrorValidationsTest" name="ProductErrorValidation" time="2.431"/>
  <testcase classname="sanjuhosmane.Tests.ErrorValidationsTest" name="loginErrorValidation" time="1.026"/>
</testsuite> <!-- ErrorValidation  Test -->
