<?xml version="1.0" encoding="UTF-8"?>
<!-- Generated by org.testng.reporters.JUnitXMLReporter -->
<testsuite ignored="0" hostname="LAPTOP-2QI6E7DQ" failures="0" tests="3" name="SubmitOrder Test" time="18.051" errors="0" timestamp="2024-05-01T11:56:42 IST">
  <testcase classname="sanjuhosmane.Tests.SubmitOrderTest" name="submitOrder" time="3.15"/>
  <testcase classname="sanjuhosmane.Tests.SubmitOrderTest" name="submitOrder" time="2.936"/>
  <testcase classname="sanjuhosmane.Tests.SubmitOrderTest" name="orderHistoryTest" time="0.649"/>
</testsuite> <!-- SubmitOrder Test -->
